{
  "RSpec": {
    "coverage": {
      "/Users/Christine/workspace/shake_n_bake/app/controllers/answers_controller.rb": [
        1,
        1,
        null,
        null,
        1,
        2,
        2,
        null,
        null,
        1,
        1,
        1,
        1,
        1,
        1,
        null,
        null,
        1,
        null,
        null,
        1,
        4,
        4,
        4,
        null,
        null,
        null
      ],
      "/Users/Christine/workspace/shake_n_bake/app/controllers/application_controller.rb": [
        1,
        1,
        null,
        1,
        2,
        null,
        null,
        1,
        0,
        null,
        null
      ],
      "/Users/Christine/workspace/shake_n_bake/app/helpers/application_helper.rb": [
        1,
        null
      ],
      "/Users/Christine/workspace/shake_n_bake/app/helpers/answers_helper.rb": [
        1,
        null
      ],
      "/Users/Christine/workspace/shake_n_bake/app/helpers/comments_helper.rb": [
        1,
        null
      ],
      "/Users/Christine/workspace/shake_n_bake/app/helpers/questions_helper.rb": [
        1,
        null
      ],
      "/Users/Christine/workspace/shake_n_bake/app/helpers/sessions_helper.rb": [
        1,
        null,
        1,
        6,
        6,
        null,
        null,
        null,
        1,
        13,
        null,
        null,
        null
      ],
      "/Users/Christine/workspace/shake_n_bake/app/helpers/users_helper.rb": [
        1,
        null,
        null
      ],
      "/Users/Christine/workspace/shake_n_bake/app/models/answer.rb": [
        1,
        1,
        1,
        1,
        1,
        1,
        null,
        1,
        null
      ],
      "/Users/Christine/workspace/shake_n_bake/app/controllers/comments_controller.rb": [
        1,
        1,
        1,
        1,
        1,
        null,
        null
      ],
      "/Users/Christine/workspace/shake_n_bake/app/models/comment.rb": [
        1,
        1,
        1,
        1,
        1,
        null,
        1,
        null
      ],
      "/Users/Christine/workspace/shake_n_bake/app/controllers/questions_controller.rb": [
        1,
        1,
        12,
        null,
        null,
        1,
        0,
        0,
        null,
        0,
        null,
        null,
        null,
        1,
        null,
        0,
        0,
        null,
        0,
        0,
        null,
        0,
        null,
        null,
        null,
        1,
        7,
        7,
        6,
        null,
        null,
        null
      ],
      "/Users/Christine/workspace/shake_n_bake/app/models/question.rb": [
        1,
        1,
        1,
        1,
        null,
        1,
        null
      ],
      "/Users/Christine/workspace/shake_n_bake/app/controllers/sessions_controller.rb": [
        1,
        null,
        1,
        11,
        11,
        11,
        11,
        null,
        0,
        null,
        null,
        null,
        1,
        0,
        0,
        null,
        null
      ],
      "/Users/Christine/workspace/shake_n_bake/app/controllers/users_controller.rb": [
        1,
        1,
        null,
        null,
        1,
        0,
        null,
        null,
        1,
        0,
        0,
        0,
        0,
        null,
        0,
        null,
        null,
        null,
        1,
        0,
        null,
        null
      ],
      "/Users/Christine/workspace/shake_n_bake/app/models/user.rb": [
        1,
        1,
        1,
        1,
        null,
        null,
        1,
        null,
        1,
        1,
        1,
        null,
        null,
        null,
        null
      ],
      "/Users/Christine/workspace/shake_n_bake/app/controllers/votes_controller.rb": [
        1,
        null,
        1,
        1,
        1,
        1,
        1,
        1,
        1,
        1,
        1,
        1,
        1,
        1,
        null,
        null,
        1,
        null,
        null,
        0,
        0,
        0,
        null,
        null,
        null,
        0,
        null,
        null,
        null,
        null
      ],
      "/Users/Christine/workspace/shake_n_bake/app/models/vote.rb": [
        1,
        null,
        1,
        1,
        1,
        null,
        null,
        1,
        1,
        1,
        null
      ]
    },
    "timestamp": 1376075374
  }
}
