{
  "RSpec": {
    "coverage": {
      "/Users/gregvarias/Documents/Dev_Bootcamp/core/phase_3/Team-shake_n_bake/app/controllers/answers_controller.rb": [
        1,
        1,
        null,
        null,
        1,
        1,
        1,
        null,
        null,
        1,
        1,
        1,
        0,
        0,
        0,
        null,
        null,
        1,
        null,
        null,
        1,
        4,
        4,
        4,
        null,
        null,
        null
      ],
      "/Users/gregvarias/Documents/Dev_Bootcamp/core/phase_3/Team-shake_n_bake/app/controllers/application_controller.rb": [
        1,
        1,
        null,
        1,
        1,
        null,
        null,
        1,
        0,
        null,
        null
      ],
      "/Users/gregvarias/Documents/Dev_Bootcamp/core/phase_3/Team-shake_n_bake/app/helpers/application_helper.rb": [
        1,
        null
      ],
      "/Users/gregvarias/Documents/Dev_Bootcamp/core/phase_3/Team-shake_n_bake/app/helpers/answers_helper.rb": [
        1,
        null
      ],
      "/Users/gregvarias/Documents/Dev_Bootcamp/core/phase_3/Team-shake_n_bake/app/helpers/comments_helper.rb": [
        1,
        null
      ],
      "/Users/gregvarias/Documents/Dev_Bootcamp/core/phase_3/Team-shake_n_bake/app/helpers/questions_helper.rb": [
        1,
        null
      ],
      "/Users/gregvarias/Documents/Dev_Bootcamp/core/phase_3/Team-shake_n_bake/app/helpers/sessions_helper.rb": [
        1,
        null,
        1,
        0,
        0,
        null,
        null,
        null,
        1,
        0,
        null,
        null,
        null
      ],
      "/Users/gregvarias/Documents/Dev_Bootcamp/core/phase_3/Team-shake_n_bake/app/helpers/users_helper.rb": [
        1,
        null,
        null
      ],
      "/Users/gregvarias/Documents/Dev_Bootcamp/core/phase_3/Team-shake_n_bake/app/models/answer.rb": [
        1,
        1,
        1,
        1,
        1,
        1,
        1,
        null
      ],
      "/Users/gregvarias/Documents/Dev_Bootcamp/core/phase_3/Team-shake_n_bake/app/controllers/comments_controller.rb": [
        1,
        1,
        1,
        1,
        0,
        0,
        null,
        null,
        0,
        null,
        null,
        null,
        null,
        null,
        null,
        null,
        null,
        null,
        null,
        null,
        null,
        null,
        null,
        null,
        null,
        null,
        null,
        null,
        null,
        null,
        null,
        null,
        null,
        null,
        null,
        null,
        null,
        null,
        null,
        null
      ],
      "/Users/gregvarias/Documents/Dev_Bootcamp/core/phase_3/Team-shake_n_bake/app/models/comment.rb": [
        1,
        1,
        1,
        1,
        null,
        1,
        null
      ],
      "/Users/gregvarias/Documents/Dev_Bootcamp/core/phase_3/Team-shake_n_bake/app/controllers/questions_controller.rb": [
        1,
        1,
        1,
        1,
        1,
        null,
        null,
        1,
        0,
        0,
        null,
        0,
        null,
        null,
        null,
        1,
        null,
        0,
        0,
        null,
        0,
        0,
        null,
        0,
        null,
        null,
        null,
        1,
        5,
        5,
        5,
        5,
        4,
        null,
        null,
        null,
        null,
        null
      ],
      "/Users/gregvarias/Documents/Dev_Bootcamp/core/phase_3/Team-shake_n_bake/app/models/question.rb": [
        1,
        1,
        1,
        1,
        1,
        1,
        1,
        null,
        1,
        null,
        null,
        1,
        1,
        0,
        null,
        1,
        null,
        null,
        null,
        null
      ],
      "/Users/gregvarias/Documents/Dev_Bootcamp/core/phase_3/Team-shake_n_bake/app/uploaders/uploader.rb": [
        1,
        1,
        1,
        null,
        1,
        1,
        null,
        null,
        1,
        null,
        1,
        0,
        null,
        null,
        1,
        0,
        null,
        null,
        null
      ],
      "/Users/gregvarias/Documents/Dev_Bootcamp/core/phase_3/Team-shake_n_bake/app/controllers/sessions_controller.rb": [
        1,
        null,
        1,
        11,
        11,
        0,
        0,
        null,
        11,
        null,
        null,
        null,
        1,
        0,
        0,
        null,
        null
      ],
      "/Users/gregvarias/Documents/Dev_Bootcamp/core/phase_3/Team-shake_n_bake/app/controllers/users/questions_controller.rb": [
        1,
        1,
        0,
        null,
        null,
        null,
        null,
        null
      ],
      "/Users/gregvarias/Documents/Dev_Bootcamp/core/phase_3/Team-shake_n_bake/app/controllers/users_controller.rb": [
        1,
        1,
        null,
        null,
        1,
        0,
        null,
        null,
        1,
        0,
        0,
        0,
        0,
        null,
        0,
        null,
        null,
        null,
        1,
        0,
        null,
        null,
        1,
        0,
        0,
        null,
        0,
        null,
        null
      ],
      "/Users/gregvarias/Documents/Dev_Bootcamp/core/phase_3/Team-shake_n_bake/app/models/user.rb": [
        1,
        null,
        1,
        null,
        1,
        null,
        null,
        1,
        null,
        1,
        1,
        1,
        1,
        null,
        null,
        1,
        null,
        1,
        1,
        1,
        null
      ],
      "/Users/gregvarias/Documents/Dev_Bootcamp/core/phase_3/Team-shake_n_bake/app/controllers/votes_controller.rb": [
        1,
        null,
        1,
        0,
        0,
        null,
        0,
        0,
        0,
        0,
        0,
        0,
        0,
        0,
        null,
        0,
        null,
        null,
        null,
        null
      ],
      "/Users/gregvarias/Documents/Dev_Bootcamp/core/phase_3/Team-shake_n_bake/app/models/vote.rb": [
        1,
        null,
        1,
        1,
        1,
        null,
        1,
        null,
        1,
        null,
        1,
        0,
        0,
        0,
        0,
        0,
        0,
        0,
        0,
        null,
        0,
        0,
        null,
        null,
        0,
        null,
        null,
        1,
        0,
        0,
        null,
        0,
        0,
        0,
        null,
        0,
        0,
        0,
        null,
        0,
        0,
        null,
        null,
        null,
        null,
        null,
        1,
        0,
        null,
        null,
        1,
        0,
        null,
        null
      ]
    },
    "timestamp": 1376262890
  },
  "Cucumber Features": {
    "coverage": {
      "/Users/gregvarias/Documents/Dev_Bootcamp/core/phase_3/Team-shake_n_bake/app/controllers/answers_controller.rb": [
        1,
        1,
        null,
        null,
        1,
        0,
        0,
        null,
        null,
        1,
        0,
        0,
        0,
        0,
        0,
        null,
        null,
        1,
        null,
        null,
        1,
        0,
        0,
        0,
        null,
        null,
        null
      ],
      "/Users/gregvarias/Documents/Dev_Bootcamp/core/phase_3/Team-shake_n_bake/app/controllers/application_controller.rb": [
        1,
        1,
        null,
        1,
        0,
        null,
        null,
        1,
        0,
        null,
        null
      ],
      "/Users/gregvarias/Documents/Dev_Bootcamp/core/phase_3/Team-shake_n_bake/app/helpers/application_helper.rb": [
        1,
        null
      ],
      "/Users/gregvarias/Documents/Dev_Bootcamp/core/phase_3/Team-shake_n_bake/app/helpers/answers_helper.rb": [
        1,
        null
      ],
      "/Users/gregvarias/Documents/Dev_Bootcamp/core/phase_3/Team-shake_n_bake/app/helpers/comments_helper.rb": [
        1,
        null
      ],
      "/Users/gregvarias/Documents/Dev_Bootcamp/core/phase_3/Team-shake_n_bake/app/helpers/questions_helper.rb": [
        1,
        null
      ],
      "/Users/gregvarias/Documents/Dev_Bootcamp/core/phase_3/Team-shake_n_bake/app/helpers/sessions_helper.rb": [
        1,
        null,
        1,
        0,
        0,
        null,
        null,
        null,
        1,
        0,
        null,
        null,
        null
      ],
      "/Users/gregvarias/Documents/Dev_Bootcamp/core/phase_3/Team-shake_n_bake/app/helpers/users_helper.rb": [
        1,
        null,
        null
      ],
      "/Users/gregvarias/Documents/Dev_Bootcamp/core/phase_3/Team-shake_n_bake/app/models/answer.rb": [
        1,
        1,
        1,
        1,
        1,
        1,
        1,
        null
      ],
      "/Users/gregvarias/Documents/Dev_Bootcamp/core/phase_3/Team-shake_n_bake/app/controllers/comments_controller.rb": [
        1,
        1,
        0,
        0,
        0,
        0,
        null,
        null,
        0,
        null,
        null,
        null,
        null,
        null,
        null,
        null,
        null,
        null,
        null,
        null,
        null,
        null,
        null,
        null,
        null,
        null,
        null,
        null,
        null,
        null,
        null,
        null,
        null,
        null,
        null,
        null,
        null,
        null,
        null,
        null
      ],
      "/Users/gregvarias/Documents/Dev_Bootcamp/core/phase_3/Team-shake_n_bake/app/models/comment.rb": [
        1,
        1,
        1,
        1,
        null,
        1,
        null
      ],
      "/Users/gregvarias/Documents/Dev_Bootcamp/core/phase_3/Team-shake_n_bake/app/controllers/questions_controller.rb": [
        1,
        1,
        3,
        3,
        3,
        null,
        null,
        1,
        0,
        0,
        null,
        0,
        null,
        null,
        null,
        1,
        null,
        0,
        0,
        null,
        0,
        0,
        null,
        0,
        null,
        null,
        null,
        1,
        0,
        0,
        0,
        0,
        0,
        null,
        null,
        null,
        null,
        null
      ],
      "/Users/gregvarias/Documents/Dev_Bootcamp/core/phase_3/Team-shake_n_bake/app/models/question.rb": [
        1,
        1,
        1,
        1,
        1,
        1,
        1,
        null,
        1,
        null,
        null,
        1,
        3,
        0,
        null,
        3,
        null,
        null,
        null,
        null
      ],
      "/Users/gregvarias/Documents/Dev_Bootcamp/core/phase_3/Team-shake_n_bake/app/uploaders/uploader.rb": [
        1,
        1,
        1,
        null,
        1,
        1,
        null,
        null,
        1,
        null,
        1,
        0,
        null,
        null,
        1,
        0,
        null,
        null,
        null
      ],
      "/Users/gregvarias/Documents/Dev_Bootcamp/core/phase_3/Team-shake_n_bake/app/controllers/sessions_controller.rb": [
        1,
        null,
        1,
        2,
        2,
        0,
        0,
        null,
        2,
        null,
        null,
        null,
        1,
        0,
        0,
        null,
        null
      ],
      "/Users/gregvarias/Documents/Dev_Bootcamp/core/phase_3/Team-shake_n_bake/app/controllers/users/questions_controller.rb": [
        1,
        1,
        0,
        null,
        null,
        null,
        null,
        null
      ],
      "/Users/gregvarias/Documents/Dev_Bootcamp/core/phase_3/Team-shake_n_bake/app/controllers/users_controller.rb": [
        1,
        1,
        null,
        null,
        1,
        0,
        null,
        null,
        1,
        0,
        0,
        0,
        0,
        null,
        0,
        null,
        null,
        null,
        1,
        0,
        null,
        null,
        1,
        0,
        0,
        null,
        0,
        null,
        null
      ],
      "/Users/gregvarias/Documents/Dev_Bootcamp/core/phase_3/Team-shake_n_bake/app/models/user.rb": [
        1,
        null,
        1,
        null,
        1,
        null,
        null,
        1,
        null,
        1,
        1,
        1,
        1,
        null,
        null,
        1,
        null,
        1,
        1,
        1,
        null
      ],
      "/Users/gregvarias/Documents/Dev_Bootcamp/core/phase_3/Team-shake_n_bake/app/controllers/votes_controller.rb": [
        1,
        null,
        1,
        0,
        0,
        null,
        0,
        0,
        0,
        0,
        0,
        0,
        0,
        0,
        null,
        0,
        null,
        null,
        null,
        null
      ],
      "/Users/gregvarias/Documents/Dev_Bootcamp/core/phase_3/Team-shake_n_bake/app/models/vote.rb": [
        1,
        null,
        1,
        1,
        1,
        null,
        1,
        null,
        1,
        null,
        1,
        0,
        0,
        0,
        0,
        0,
        0,
        0,
        0,
        null,
        0,
        0,
        null,
        null,
        0,
        null,
        null,
        1,
        0,
        0,
        null,
        0,
        0,
        0,
        null,
        0,
        0,
        0,
        null,
        0,
        0,
        null,
        null,
        null,
        null,
        null,
        1,
        0,
        null,
        null,
        1,
        0,
        null,
        null
      ]
    },
    "timestamp": 1376267242
  }
}
